<?xml version="1.0" encoding="UTF-8"?>
<testsuite name="JUnitTest" tests="1" skipped="0" failures="0" errors="0" timestamp="2021-11-08T20:07:48" hostname="Sam-s-Laptop" time="0.207">
  <properties/>
  <testcase name="test1()" classname="JUnitTest" time="0.207"/>
  <system-out><![CDATA[Username: Craig21
]]></system-out>
  <system-err><![CDATA[]]></system-err>
</testsuite>
